HI BABY
At time 2 process 1 started arr 2 total 18 remain 18 wait 0
At time 6 process 1 stopped arr 2 total 18 remain 14 wait 0
At time 6 process 2 started arr 2 total 18 remain 18 wait 4
At time 10 process 2 stopped arr 2 total 18 remain 14 wait 4
At time 10 process 1 resumed arr 2 total 18 remain 14 wait 4
At time 14 process 1 stopped arr 2 total 18 remain 10 wait 4
At time 14 process 2 resumed arr 2 total 18 remain 14 wait 8
At time 18 process 2 stopped arr 2 total 18 remain 10 wait 8
At time 18 process 3 started arr 14 total 4 remain 4 wait 4
At time 22 process 3 finished arr 14 total 4 remain 0 wait 4 TA 8 WTA 2.00
At time 22 process 4 started arr 14 total 15 remain 15 wait 8
At time 26 process 4 stopped arr 14 total 15 remain 11 wait 8
At time 26 process 5 started arr 26 total 1 remain 1 wait 0
At time 27 process 5 finished arr 26 total 1 remain 0 wait 0 TA 1 WTA 1.00
At time 27 process 6 started arr 26 total 28 remain 28 wait 1
At time 30 process 6 stopped arr 26 total 28 remain 25 wait 1
At time 30 process 7 started arr 26 total 1 remain 1 wait 4
At time 31 process 7 finished arr 26 total 1 remain 0 wait 4 TA 5 WTA 5.00
At time 31 process 1 resumed arr 2 total 18 remain 10 wait 21
At time 34 process 1 stopped arr 2 total 18 remain 7 wait 21
At time 34 process 2 resumed arr 2 total 18 remain 10 wait 24
At time 38 process 2 stopped arr 2 total 18 remain 6 wait 24
At time 38 process 4 resumed arr 14 total 15 remain 11 wait 20
At time 42 process 4 stopped arr 14 total 15 remain 7 wait 20
At time 42 process 6 resumed arr 26 total 28 remain 25 wait 13
At time 46 process 6 stopped arr 26 total 28 remain 21 wait 13
At time 46 process 8 started arr 32 total 12 remain 12 wait 14
At time 50 process 8 stopped arr 32 total 12 remain 8 wait 14
At time 50 process 1 resumed arr 2 total 18 remain 7 wait 37
At time 54 process 1 stopped arr 2 total 18 remain 3 wait 37
At time 54 process 2 resumed arr 2 total 18 remain 6 wait 40
At time 58 process 2 stopped arr 2 total 18 remain 2 wait 40
At time 58 process 4 resumed arr 14 total 15 remain 7 wait 36
At time 62 process 4 stopped arr 14 total 15 remain 3 wait 36
At time 62 process 6 resumed arr 26 total 28 remain 21 wait 29
At time 66 process 6 stopped arr 26 total 28 remain 17 wait 29
At time 66 process 8 resumed arr 32 total 12 remain 8 wait 30
At time 70 process 8 stopped arr 32 total 12 remain 4 wait 30
At time 70 process 1 resumed arr 2 total 18 remain 3 wait 53
At time 73 process 1 finished arr 2 total 18 remain 0 wait 53 TA 71 WTA 3.94
At time 73 process 2 resumed arr 2 total 18 remain 2 wait 55
At time 74 process 2 stopped arr 2 total 18 remain 1 wait 55
At time 74 process 4 resumed arr 14 total 15 remain 3 wait 48
At time 77 process 4 finished arr 14 total 15 remain 0 wait 48 TA 63 WTA 4.20
At time 77 process 6 resumed arr 26 total 28 remain 17 wait 40
At time 78 process 6 stopped arr 26 total 28 remain 16 wait 40
At time 78 process 8 resumed arr 32 total 12 remain 4 wait 38
At time 82 process 8 finished arr 32 total 12 remain 0 wait 38 TA 50 WTA 4.17
At time 82 process 2 resumed arr 2 total 18 remain 1 wait 63
At time 83 process 2 finished arr 2 total 18 remain 0 wait 63 TA 81 WTA 4.50
At time 83 process 6 resumed arr 26 total 28 remain 16 wait 45
At time 99 process 6 finished arr 26 total 28 remain 0 wait 45 TA 73 WTA 2.61
